{
"contracts/FundMe.sol":{"l":{"34":3,"35":3,"36":3,"37":3,"41":11,"42":10,"43":9,"48":16,"55":16,"59":16,"60":16,"64":0,"68":2,"77":1,"78":1,"79":1,"80":1,"81":1,"82":1,"84":1,"88":3,"89":2,"90":1,"91":1,"92":1,"93":1,"94":1,"95":1,"99":0,"100":0,"104":0,"108":8,"109":6,"113":3,"114":2},"path":"/Users/ding/Documents/Code/Github/Practice-Of-Rhythm/Web3/Web3_tutorial/lesson-5/contracts/FundMe.sol","s":{"1":11,"2":10,"3":16,"4":16,"5":16,"6":16,"7":2,"8":1,"9":1,"10":1,"11":1,"12":3,"13":2,"14":1,"15":1,"16":1,"17":1,"18":0,"19":8,"20":3},"b":{"1":[10,1],"2":[9,1],"3":[0,0],"4":[3,1],"5":[2,1],"6":[1,1],"7":[1,0],"8":[3,1],"9":[2,1],"10":[1,1],"11":[1,0],"12":[0,0],"13":[0,0],"14":[6,2],"15":[2,1]},"f":{"1":3,"2":11,"3":16,"4":16,"5":0,"6":2,"7":3,"8":0,"9":0,"10":8,"11":3},"fnMap":{"1":{"name":"constructor","line":32,"loc":{"start":{"line":32,"column":4},"end":{"line":38,"column":4}}},"2":{"name":"fund","line":40,"loc":{"start":{"line":40,"column":4},"end":{"line":44,"column":4}}},"3":{"name":"getChainlinkDataFeedLatestAnswer","line":46,"loc":{"start":{"line":46,"column":4},"end":{"line":56,"column":4}}},"4":{"name":"convertEthToUsd","line":58,"loc":{"start":{"line":58,"column":4},"end":{"line":61,"column":4}}},"5":{"name":"transferOwnership","line":63,"loc":{"start":{"line":63,"column":4},"end":{"line":65,"column":4}}},"6":{"name":"getFund","line":67,"loc":{"start":{"line":67,"column":4},"end":{"line":85,"column":4}}},"7":{"name":"refund","line":87,"loc":{"start":{"line":87,"column":4},"end":{"line":96,"column":4}}},"8":{"name":"setFunderToAmount","line":98,"loc":{"start":{"line":98,"column":4},"end":{"line":101,"column":4}}},"9":{"name":"setErc20Addr","line":103,"loc":{"start":{"line":103,"column":4},"end":{"line":105,"column":4}}},"10":{"name":"windowClosed","line":107,"loc":{"start":{"line":107,"column":4},"end":{"line":110,"column":4}}},"11":{"name":"onlyOwner","line":112,"loc":{"start":{"line":112,"column":4},"end":{"line":115,"column":4}}}},"statementMap":{"1":{"start":{"line":41,"column":8},"end":{"line":41,"column":76}},"2":{"start":{"line":42,"column":8},"end":{"line":42,"column":84}},"3":{"start":{"line":48,"column":8},"end":{"line":48,"column":1394}},"4":{"start":{"line":55,"column":8},"end":{"line":55,"column":21}},"5":{"start":{"line":59,"column":8},"end":{"line":59,"column":70}},"6":{"start":{"line":60,"column":8},"end":{"line":60,"column":47}},"7":{"start":{"line":68,"column":8},"end":{"line":68,"column":89}},"8":{"start":{"line":77,"column":8},"end":{"line":77,"column":20}},"9":{"start":{"line":78,"column":8},"end":{"line":78,"column":47}},"10":{"start":{"line":80,"column":8},"end":{"line":80,"column":45}},"11":{"start":{"line":84,"column":8},"end":{"line":84,"column":41}},"12":{"start":{"line":88,"column":8},"end":{"line":88,"column":84}},"13":{"start":{"line":89,"column":8},"end":{"line":89,"column":76}},"14":{"start":{"line":90,"column":8},"end":{"line":90,"column":20}},"15":{"start":{"line":91,"column":8},"end":{"line":91,"column":53}},"16":{"start":{"line":93,"column":8},"end":{"line":93,"column":45}},"17":{"start":{"line":95,"column":8},"end":{"line":95,"column":48}},"18":{"start":{"line":99,"column":8},"end":{"line":99,"column":90}},"19":{"start":{"line":108,"column":8},"end":{"line":108,"column":89}},"20":{"start":{"line":113,"column":8},"end":{"line":113,"column":80}}},"branchMap":{"1":{"line":41,"type":"if","locations":[{"start":{"line":41,"column":8},"end":{"line":41,"column":8}},{"start":{"line":41,"column":8},"end":{"line":41,"column":8}}]},"2":{"line":42,"type":"if","locations":[{"start":{"line":42,"column":8},"end":{"line":42,"column":8}},{"start":{"line":42,"column":8},"end":{"line":42,"column":8}}]},"3":{"line":63,"type":"if","locations":[{"start":{"line":63,"column":56},"end":{"line":63,"column":56}},{"start":{"line":63,"column":56},"end":{"line":63,"column":56}}]},"4":{"line":67,"type":"if","locations":[{"start":{"line":67,"column":32},"end":{"line":67,"column":32}},{"start":{"line":67,"column":32},"end":{"line":67,"column":32}}]},"5":{"line":67,"type":"if","locations":[{"start":{"line":67,"column":45},"end":{"line":67,"column":45}},{"start":{"line":67,"column":45},"end":{"line":67,"column":45}}]},"6":{"line":68,"type":"if","locations":[{"start":{"line":68,"column":8},"end":{"line":68,"column":8}},{"start":{"line":68,"column":8},"end":{"line":68,"column":8}}]},"7":{"line":80,"type":"if","locations":[{"start":{"line":80,"column":8},"end":{"line":80,"column":8}},{"start":{"line":80,"column":8},"end":{"line":80,"column":8}}]},"8":{"line":87,"type":"if","locations":[{"start":{"line":87,"column":31},"end":{"line":87,"column":31}},{"start":{"line":87,"column":31},"end":{"line":87,"column":31}}]},"9":{"line":88,"type":"if","locations":[{"start":{"line":88,"column":8},"end":{"line":88,"column":8}},{"start":{"line":88,"column":8},"end":{"line":88,"column":8}}]},"10":{"line":89,"type":"if","locations":[{"start":{"line":89,"column":8},"end":{"line":89,"column":8}},{"start":{"line":89,"column":8},"end":{"line":89,"column":8}}]},"11":{"line":93,"type":"if","locations":[{"start":{"line":93,"column":8},"end":{"line":93,"column":8}},{"start":{"line":93,"column":8},"end":{"line":93,"column":8}}]},"12":{"line":99,"type":"if","locations":[{"start":{"line":99,"column":8},"end":{"line":99,"column":8}},{"start":{"line":99,"column":8},"end":{"line":99,"column":8}}]},"13":{"line":103,"type":"if","locations":[{"start":{"line":103,"column":53},"end":{"line":103,"column":53}},{"start":{"line":103,"column":53},"end":{"line":103,"column":53}}]},"14":{"line":108,"type":"if","locations":[{"start":{"line":108,"column":8},"end":{"line":108,"column":8}},{"start":{"line":108,"column":8},"end":{"line":108,"column":8}}]},"15":{"line":113,"type":"if","locations":[{"start":{"line":113,"column":8},"end":{"line":113,"column":8}},{"start":{"line":113,"column":8},"end":{"line":113,"column":8}}]}}},
"contracts/mocks/MockV3Aggregator.sol":{"l":{},"path":"/Users/ding/Documents/Code/Github/Practice-Of-Rhythm/Web3/Web3_tutorial/lesson-5/contracts/mocks/MockV3Aggregator.sol","s":{},"b":{},"f":{},"fnMap":{},"statementMap":{},"branchMap":{}}}
