TN:
SF:/Users/ding/Documents/Code/Github/Practice-Of-Rhythm/Web3/Web3_tutorial/lesson-5/contracts/FundMe.sol
FN:32,constructor
FN:40,fund
FN:46,getChainlinkDataFeedLatestAnswer
FN:58,convertEthToUsd
FN:63,transferOwnership
FN:67,getFund
FN:87,refund
FN:98,setFunderToAmount
FN:103,setErc20Addr
FN:107,windowClosed
FN:112,onlyOwner
FNF:11
FNH:8
FNDA:3,constructor
FNDA:11,fund
FNDA:16,getChainlinkDataFeedLatestAnswer
FNDA:16,convertEthToUsd
FNDA:0,transferOwnership
FNDA:2,getFund
FNDA:3,refund
FNDA:0,setFunderToAmount
FNDA:0,setErc20Addr
FNDA:8,windowClosed
FNDA:3,onlyOwner
DA:34,3
DA:35,3
DA:36,3
DA:37,3
DA:41,11
DA:42,10
DA:43,9
DA:48,16
DA:55,16
DA:59,16
DA:60,16
DA:64,0
DA:68,2
DA:77,1
DA:78,1
DA:79,1
DA:80,1
DA:81,1
DA:82,1
DA:84,1
DA:88,3
DA:89,2
DA:90,1
DA:91,1
DA:92,1
DA:93,1
DA:94,1
DA:95,1
DA:99,0
DA:100,0
DA:104,0
DA:108,8
DA:109,6
DA:113,3
DA:114,2
LF:35
LH:31
BRDA:41,1,0,10
BRDA:41,1,1,1
BRDA:42,2,0,9
BRDA:42,2,1,1
BRDA:63,3,0,0
BRDA:63,3,1,0
BRDA:67,4,0,3
BRDA:67,4,1,1
BRDA:67,5,0,2
BRDA:67,5,1,1
BRDA:68,6,0,1
BRDA:68,6,1,1
BRDA:80,7,0,1
BRDA:80,7,1,0
BRDA:87,8,0,3
BRDA:87,8,1,1
BRDA:88,9,0,2
BRDA:88,9,1,1
BRDA:89,10,0,1
BRDA:89,10,1,1
BRDA:93,11,0,1
BRDA:93,11,1,0
BRDA:99,12,0,0
BRDA:99,12,1,0
BRDA:103,13,0,0
BRDA:103,13,1,0
BRDA:108,14,0,6
BRDA:108,14,1,2
BRDA:113,15,0,2
BRDA:113,15,1,1
BRF:30
BRH:22
end_of_record
TN:
SF:/Users/ding/Documents/Code/Github/Practice-Of-Rhythm/Web3/Web3_tutorial/lesson-5/contracts/mocks/MockV3Aggregator.sol
FNF:0
FNH:0
LF:0
LH:0
BRF:0
BRH:0
end_of_record
